<?xml version="1.0" encoding="UTF-8"?>
<!-- Generated by org.testng.reporters.JUnitXMLReporter -->
<testsuite ignored="0" hostname="DESKTOP-KMS877P" failures="0" tests="14" name="Test" time="105.501" errors="0" timestamp="2023-08-25T13:17:48 IST">
  <testcase classname="Ninja.qa.LoginTest" name="@BeforeMethod setup" time="12.125">
    <failure type="org.openqa.selenium.TimeoutException" message="timeout: Timed out receiving message from renderer: 8.628
  (Session info: chrome=116.0.5845.111)
Build info: version: &amp;apos;4.11.0&amp;apos;, revision: &amp;apos;040bc5406b&amp;apos;
System info: os.name: &amp;apos;Windows 10&amp;apos;, os.arch: &amp;apos;amd64&amp;apos;, os.version: &amp;apos;10.0&amp;apos;, java.version: &amp;apos;17.0.7&amp;apos;
Driver info: org.openqa.selenium.chrome.ChromeDriver
Command: [cc90e90d682c1945fa03fcba1da9c60b, get {url=https://tutorialsninja.com/demo/}]
Capabilities {acceptInsecureCerts: false, browserName: chrome, browserVersion: 116.0.5845.111, chrome: {chromedriverVersion: 116.0.5845.96 (1a3918166880..., userDataDir: C:\Users\HOUSEO~1\AppData\L...}, fedcm:accounts: true, goog:chromeOptions: {debuggerAddress: localhost:59059}, networkConnectionEnabled: false, pageLoadStrategy: normal, platformName: windows, proxy: Proxy(), se:cdp: ws://localhost:59059/devtoo..., se:cdpVersion: 116.0.5845.111, setWindowRect: true, strictFileInteractability: false, timeouts: {implicit: 0, pageLoad: 300000, script: 30000}, unhandledPromptBehavior: dismiss and notify, webauthn:extension:credBlob: true, webauthn:extension:largeBlob: true, webauthn:extension:minPinLength: true, webauthn:extension:prf: true, webauthn:virtualAuthenticators: true}
Session ID: cc90e90d682c1945fa03fcba1da9c60b">
      <![CDATA[org.openqa.selenium.TimeoutException: timeout: Timed out receiving message from renderer: 8.628
  (Session info: chrome=116.0.5845.111)
Build info: version: '4.11.0', revision: '040bc5406b'
System info: os.name: 'Windows 10', os.arch: 'amd64', os.version: '10.0', java.version: '17.0.7'
Driver info: org.openqa.selenium.chrome.ChromeDriver
Command: [cc90e90d682c1945fa03fcba1da9c60b, get {url=https://tutorialsninja.com/demo/}]
Capabilities {acceptInsecureCerts: false, browserName: chrome, browserVersion: 116.0.5845.111, chrome: {chromedriverVersion: 116.0.5845.96 (1a3918166880..., userDataDir: C:\Users\HOUSEO~1\AppData\L...}, fedcm:accounts: true, goog:chromeOptions: {debuggerAddress: localhost:59059}, networkConnectionEnabled: false, pageLoadStrategy: normal, platformName: windows, proxy: Proxy(), se:cdp: ws://localhost:59059/devtoo..., se:cdpVersion: 116.0.5845.111, setWindowRect: true, strictFileInteractability: false, timeouts: {implicit: 0, pageLoad: 300000, script: 30000}, unhandledPromptBehavior: dismiss and notify, webauthn:extension:credBlob: true, webauthn:extension:largeBlob: true, webauthn:extension:minPinLength: true, webauthn:extension:prf: true, webauthn:virtualAuthenticators: true}
Session ID: cc90e90d682c1945fa03fcba1da9c60b
at org.openqa.selenium.remote.codec.w3c.W3CHttpResponseCodec.createException(W3CHttpResponseCodec.java:200)
at org.openqa.selenium.remote.codec.w3c.W3CHttpResponseCodec.decode(W3CHttpResponseCodec.java:133)
at org.openqa.selenium.remote.codec.w3c.W3CHttpResponseCodec.decode(W3CHttpResponseCodec.java:52)
at org.openqa.selenium.remote.HttpCommandExecutor.execute(HttpCommandExecutor.java:191)
at org.openqa.selenium.remote.service.DriverCommandExecutor.invokeExecute(DriverCommandExecutor.java:196)
at org.openqa.selenium.remote.service.DriverCommandExecutor.execute(DriverCommandExecutor.java:171)
at org.openqa.selenium.remote.RemoteWebDriver.execute(RemoteWebDriver.java:518)
at org.openqa.selenium.remote.RemoteWebDriver.get(RemoteWebDriver.java:300)
at Ninja_BaseClass.Base.InitializeBrowserAndOpenApplication(Base.java:63)
at Ninja.qa.LoginTest.setup(LoginTest.java:29)
at java.base/java.util.ArrayList.forEach(ArrayList.java:1511)
... Removed 36 stack frames]]>
    </failure>
  </testcase> <!-- @BeforeMethod setup -->
  <testcase classname="Ninja.qa.LoginTest" name="@AfterMethod BrowserCloseMethod" time="0.0">
    <skipped/>
  </testcase> <!-- @AfterMethod BrowserCloseMethod -->
  <testcase classname="Ninja.qa.LoginTest" name="@BeforeMethod setup" time="0.0">
    <skipped/>
  </testcase> <!-- @BeforeMethod setup -->
  <testcase classname="Ninja.qa.LoginTest" name="@AfterMethod BrowserCloseMethod" time="0.0">
    <skipped/>
  </testcase> <!-- @AfterMethod BrowserCloseMethod -->
  <testcase classname="Ninja.qa.LoginTest" name="@BeforeMethod setup" time="0.0">
    <skipped/>
  </testcase> <!-- @BeforeMethod setup -->
  <testcase classname="Ninja.qa.LoginTest" name="@AfterMethod BrowserCloseMethod" time="0.0">
    <skipped/>
  </testcase> <!-- @AfterMethod BrowserCloseMethod -->
  <testcase classname="Ninja.qa.RegisterTest" name="VerifyRegisteringAnAccountshowsMandatoryFields" time="1.729"/>
  <testcase classname="Ninja.qa.RegisterTest" name="VerifyRegisteringAnAccountByProvidingAllFields" time="1.749"/>
  <testcase classname="Ninja.qa.RegisterTest" name="VerifyRegisteringAnAccountByProvidingAllFieldswithExistingEmailAddress" time="1.753"/>
  <testcase classname="Ninja.qa.RegisterTest" name="VerifyloggingintotheApplicatioWithouProvidingAnycredentials" time="0.658"/>
  <testcase classname="Ninja.qa.LoginTest" name="VerifyLoginWithValidCreden" time="0.99"/>
  <testcase classname="Ninja.qa.LoginTest" name="VerifyLoginWithValidCreden" time="0.998"/>
  <testcase classname="Ninja.qa.LoginTest" name="VerifyLoginWithValidCreden" time="1.293"/>
  <testcase classname="Ninja.qa.LoginTest" name="VerifyLoginWithINValidCreden" time="0.863"/>
  <testcase classname="Ninja.qa.LoginTest" name="VerifyLoginWithINValidEmailAndValidPassword" time="0.0">
    <skipped/>
  </testcase> <!-- VerifyLoginWithINValidEmailAndValidPassword -->
  <testcase classname="Ninja.qa.LoginTest" name="VerifyLoginWithValidEmailAndINValidPassword" time="0.0">
    <skipped/>
  </testcase> <!-- VerifyLoginWithValidEmailAndINValidPassword -->
  <testcase classname="Ninja.qa.LoginTest" name="VerifyLoginwithoutCredentials" time="0.0">
    <skipped/>
  </testcase> <!-- VerifyLoginwithoutCredentials -->
  <testcase classname="Ninja.qa.SearchTest" name="VerifySearchValidProduct" time="0.737"/>
  <testcase classname="Ninja.qa.SearchTest" name="VerifySearchWithNonValidProject" time="0.838"/>
  <testcase classname="Ninja.qa.SearchTest" name="VerifySearchWithoutAnyProduct" time="0.74"/>
</testsuite> <!-- Test -->
